
2024-04-11 13:46:40,585 - file deleted:wyy.csv
2024-04-11 13:46:46,355 - file deleted:ygp
2024-04-11 14:07:17,256 - file deleted:wyy.csv
2024-04-11 14:07:45,537 - file deleted:ygp
2024-04-11 14:10:04,568 - file deleted:w.csv
2024-04-11 14:10:41,838 - file deleted:ygp
2024-04-11 14:24:12,441 - file deleted:a.csv
2024-04-11 14:29:19,250 - file deleted:b.csv
2024-04-11 14:39:35,337 - file deleted:a.csv
2024-04-11 14:40:24,158 - file deleted:b.csv
2024-04-11 14:42:37,238 - file deleted:a.csv
2024-04-11 15:00:54,881 - file created:ygp_info.csv
2024-04-11 15:10:26,624 - file created:ygp_info.csv
2024-04-11 15:12:11,489 - file created:ygp_info.csv
2024-04-11 15:13:42,287 - file created:ygp_info.csv
2024-04-11 15:14:06,390 - file deleted:ygp_info.csv
2024-04-11 15:14:06,468 - file created:ygp_info.csv
2024-04-11 15:16:18,676 - file deleted:ygp_info.csv
2024-04-11 15:16:24,473 - file created:ygp_info.csv
2024-04-11 15:17:32,978 - file deleted:ygp_info.csv
2024-04-11 15:17:32,978 - file created:ygp_info.csv
2024-04-11 15:18:59,523 - file deleted:ygp_info.csv
2024-04-11 15:18:59,538 - file created:ygp_info.csv
2024-04-11 15:20:18,956 - file deleted:ygp_info.csv
2024-04-11 15:20:18,956 - file deleted:ygp_info.csv
2024-04-11 15:20:18,972 - file created:ygp_info.csv
2024-04-11 15:20:18,972 - file created:ygp_info.csv
2024-04-11 15:29:40,273 - file deleted:ygp_info.csv
2024-04-11 15:29:40,288 - file created:ygp_info.csv
2024-04-11 15:29:40,288 - file created:ygp_info.csv
2024-04-11 15:54:04,485 - file deleted:ygp_info.csv
2024-04-11 15:54:04,485 - file deleted:ygp_info.csv
2024-04-11 15:54:18,276 - file created:ygp_info.csv
2024-04-11 15:54:18,276 - file created:ygp_info.csv
2024-04-11 15:54:43,227 - file deleted:ygp_info.csv
2024-04-11 15:54:43,227 - file deleted:ygp_info.csv
2024-04-11 15:54:51,266 - file created:ygp_info.csv
2024-04-11 15:54:51,266 - file created:ygp_info.csv
2024-04-11 15:55:07,063 - file deleted:ygp_info.csv
2024-04-11 15:55:07,067 - file created:ygp_info.csv
2024-04-11 15:55:07,067 - file created:ygp_info.csv
2024-04-11 15:55:52,712 - file deleted:ygp_info.csv
2024-04-11 15:55:52,712 - file deleted:ygp_info.csv
2024-04-11 15:55:52,718 - file created:ygp_info.csv
2024-04-11 15:55:52,718 - file created:ygp_info.csv
2024-04-11 15:56:18,943 - file deleted:ygp_info.csv
2024-04-11 15:56:18,943 - file deleted:ygp_info.csv
2024-04-11 15:56:18,947 - file created:ygp_info.csv
2024-04-11 15:56:18,947 - file created:ygp_info.csv
2024-04-11 15:56:57,538 - file deleted:ygp_info.csv
2024-04-11 15:56:57,544 - file created:ygp_info.csv
2024-04-11 15:56:57,545 - file created:ygp_info.csv
2024-04-11 15:57:16,817 - file deleted:ygp_info.csv
2024-04-11 15:57:16,817 - file deleted:ygp_info.csv
2024-04-11 15:57:16,825 - file created:ygp_info.csv
2024-04-11 15:57:16,825 - file created:ygp_info.csv
2024-04-11 16:37:27,571 - file deleted:ygp_info.csv
2024-04-11 16:37:34,712 - file created:ygp_info.csv
